<?xml version="1.0" encoding="UTF-8"?>
<testsuite name="com.Testing.myLinkedHaspMapTest" tests="1" skipped="0" failures="1" errors="0" timestamp="2020-11-01T12:48:56" hostname="DESKTOP-62HQPBS" time="0.033">
  <properties/>
  <testcase name="givenSentenceWhenWords_AreAddedToListShouldReturnWordFrequency1" classname="com.Testing.myLinkedHaspMapTest" time="0.033">
    <failure message="java.lang.AssertionError: expected:&lt;avoidable&gt; but was:&lt;null&gt;" type="java.lang.AssertionError">java.lang.AssertionError: expected:&lt;avoidable&gt; but was:&lt;null&gt;
	at org.junit.Assert.fail(Assert.java:88)
	at org.junit.Assert.failNotEquals(Assert.java:834)
	at org.junit.Assert.assertEquals(Assert.java:118)
	at org.junit.Assert.assertEquals(Assert.java:144)
	at com.Testing.myLinkedHaspMapTest.givenSentenceWhenWords_AreAddedToListShouldReturnWordFrequency1(myLinkedHaspMapTest.java:47)
	at java.base/jdk.internal.reflect.NativeMethodAccessorImpl.invoke0(Native Method)
	at java.base/jdk.internal.reflect.NativeMethodAccessorImpl.invoke(NativeMethodAccessorImpl.java:62)
	at java.base/jdk.internal.reflect.DelegatingMethodAccessorImpl.invoke(DelegatingMethodAccessorImpl.java:43)
	at java.base/java.lang.reflect.Method.invoke(Method.java:564)
	at org.junit.runners.model.FrameworkMethod$1.runReflectiveCall(FrameworkMethod.java:50)
	at org.junit.internal.runners.model.ReflectiveCallable.run(ReflectiveCallable.java:12)
	at org.junit.runners.model.FrameworkMethod.invokeExplosively(FrameworkMethod.java:47)
	at org.junit.internal.runners.statements.InvokeMethod.evaluate(InvokeMethod.java:17)
	at org.junit.runners.ParentRunner.runLeaf(ParentRunner.java:325)
	at org.junit.runners.BlockJUnit4ClassRunner.runChild(BlockJUnit4ClassRunner.java:78)
	at org.junit.runners.BlockJUnit4ClassRunner.runChild(BlockJUnit4ClassRunner.java:57)
	at org.junit.runners.ParentRunner$3.run(ParentRunner.java:290)
	at org.junit.runners.ParentRunner$1.schedule(ParentRunner.java:71)
	at org.junit.runners.ParentRunner.runChildren(ParentRunner.java:288)
	at org.junit.runners.ParentRunner.access$000(ParentRunner.java:58)
	at org.junit.runners.ParentRunner$2.evaluate(ParentRunner.java:268)
	at org.junit.runners.ParentRunner.run(ParentRunner.java:363)
	at org.gradle.api.internal.tasks.testing.junit.JUnitTestClassExecutor.runTestClass(JUnitTestClassExecutor.java:110)
	at org.gradle.api.internal.tasks.testing.junit.JUnitTestClassExecutor.execute(JUnitTestClassExecutor.java:58)
	at org.gradle.api.internal.tasks.testing.junit.JUnitTestClassExecutor.execute(JUnitTestClassExecutor.java:38)
	at org.gradle.api.internal.tasks.testing.junit.AbstractJUnitTestClassProcessor.processTestClass(AbstractJUnitTestClassProcessor.java:62)
	at org.gradle.api.internal.tasks.testing.SuiteTestClassProcessor.processTestClass(SuiteTestClassProcessor.java:51)
	at java.base/jdk.internal.reflect.NativeMethodAccessorImpl.invoke0(Native Method)
	at java.base/jdk.internal.reflect.NativeMethodAccessorImpl.invoke(NativeMethodAccessorImpl.java:62)
	at java.base/jdk.internal.reflect.DelegatingMethodAccessorImpl.invoke(DelegatingMethodAccessorImpl.java:43)
	at java.base/java.lang.reflect.Method.invoke(Method.java:564)
	at org.gradle.internal.dispatch.ReflectionDispatch.dispatch(ReflectionDispatch.java:36)
	at org.gradle.internal.dispatch.ReflectionDispatch.dispatch(ReflectionDispatch.java:24)
	at org.gradle.internal.dispatch.ContextClassLoaderDispatch.dispatch(ContextClassLoaderDispatch.java:33)
	at org.gradle.internal.dispatch.ProxyDispatchAdapter$DispatchingInvocationHandler.invoke(ProxyDispatchAdapter.java:94)
	at com.sun.proxy.$Proxy2.processTestClass(Unknown Source)
	at org.gradle.api.internal.tasks.testing.worker.TestWorker.processTestClass(TestWorker.java:118)
	at java.base/jdk.internal.reflect.NativeMethodAccessorImpl.invoke0(Native Method)
	at java.base/jdk.internal.reflect.NativeMethodAccessorImpl.invoke(NativeMethodAccessorImpl.java:62)
	at java.base/jdk.internal.reflect.DelegatingMethodAccessorImpl.invoke(DelegatingMethodAccessorImpl.java:43)
	at java.base/java.lang.reflect.Method.invoke(Method.java:564)
	at org.gradle.internal.dispatch.ReflectionDispatch.dispatch(ReflectionDispatch.java:36)
	at org.gradle.internal.dispatch.ReflectionDispatch.dispatch(ReflectionDispatch.java:24)
	at org.gradle.internal.remote.internal.hub.MessageHubBackedObjectConnection$DispatchWrapper.dispatch(MessageHubBackedObjectConnection.java:182)
	at org.gradle.internal.remote.internal.hub.MessageHubBackedObjectConnection$DispatchWrapper.dispatch(MessageHubBackedObjectConnection.java:164)
	at org.gradle.internal.remote.internal.hub.MessageHub$Handler.run(MessageHub.java:412)
	at org.gradle.internal.concurrent.ExecutorPolicy$CatchAndRecordFailures.onExecute(ExecutorPolicy.java:64)
	at org.gradle.internal.concurrent.ManagedExecutorImpl$1.run(ManagedExecutorImpl.java:48)
	at java.base/java.util.concurrent.ThreadPoolExecutor.runWorker(ThreadPoolExecutor.java:1130)
	at java.base/java.util.concurrent.ThreadPoolExecutor$Worker.run(ThreadPoolExecutor.java:630)
	at org.gradle.internal.concurrent.ThreadFactoryImpl$ManagedThreadRunnable.run(ThreadFactoryImpl.java:56)
	at java.base/java.lang.Thread.run(Thread.java:832)
</failure>
  </testcase>
  <system-out><![CDATA[Key: paranoidshashcode :1955671415index: 5
Key: paranoidshashcode :1955671415index: 5
Key: arehashcode :96852index: 2
Key: arehashcode :96852index: 2
Key: nothashcode :109267index: 7
Key: nothashcode :109267index: 7
Key: paranoidhashcode :1171464828index: 8
Key: paranoidhashcode :1171464828index: 8
Key: becausehashcode :232973818index: 8
Key: becausehashcode :232973818index: 8
Key: theyhashcode :3558952index: 2
Key: theyhashcode :3558952index: 2
Key: arehashcode :96852index: 2
Key: arehashcode :96852index: 2
Key: paranoidhashcode :1171464828index: 8
Key: paranoidhashcode :1171464828index: 8
Key: butbecausehashcode :1267300453index: 3
Key: butbecausehashcode :1267300453index: 3
Key: theyhashcode :3558952index: 2
Key: theyhashcode :3558952index: 2
Key: keephashcode :3287941index: 1
Key: keephashcode :3287941index: 1
Key: puttinghashcode :218503555index: 5
Key: puttinghashcode :218503555index: 5
Key: themselveshashcode :955366950index: 0
Key: themselveshashcode :955366950index: 0
Key: deliberatelyhashcode :164270126index: 6
Key: deliberatelyhashcode :164270126index: 6
Key: intohashcode :3237472index: 2
Key: intohashcode :3237472index: 2
Key: paranoidhashcode :1171464828index: 8
Key: paranoidhashcode :1171464828index: 8
Key: avoidablehashcode :1201140657index: 7
Key: avoidablehashcode :1201140657index: 7
Key: situationshashcode :2020271669index: 9
Key: situationshashcode :2020271669index: 9
Key: avoidablehashcode :1201140657index: 7
linkedList.MyLinkedHaspMap@6c3a4998
]]></system-out>
  <system-err><![CDATA[]]></system-err>
</testsuite>
